<?xml version="1.0" encoding="UTF-8"?>
<testng-results ignored="0" total="1" passed="1" failed="0" skipped="0">
  <reporter-output>
  </reporter-output>
  <suite started-at="2022-02-09T19:25:28 IST" name="Default suite" finished-at="2022-02-09T19:25:29 IST" duration-ms="61">
    <groups>
    </groups>
    <test started-at="2022-02-09T19:25:28 IST" name="Default test" finished-at="2022-02-09T19:25:29 IST" duration-ms="61">
      <class name="com.test.testng.orangeHrm.DataProviders">
        <test-method signature="displayData(java.lang.String)[pri:0, instance:com.test.testng.orangeHrm.DataProviders@15aab8c6]" started-at="2022-02-09T19:25:28 IST" name="displayData" data-provider="getData" finished-at="2022-02-09T19:25:29 IST" duration-ms="12" status="PASS">
          <params>
            <param index="0">
              <value>
                <![CDATA[abcd]]>
              </value>
            </param>
          </params>
          <reporter-output>
          </reporter-output>
        </test-method> <!-- displayData -->
      </class> <!-- com.test.testng.orangeHrm.DataProviders -->
    </test> <!-- Default test -->
  </suite> <!-- Default suite -->
</testng-results>
