<?xml version="1.0" encoding="UTF-8"?>
<!-- Generated by org.testng.reporters.JUnitXMLReporter -->
<testsuite ignored="0" hostname="LAPTOP-02O5LAUF" failures="1" tests="3" name="Dependency Test" time="0.02" errors="0" timestamp="2021-10-03T17:44:13 IST">
  <testcase classname="com.test.TestNGLearnings.TestNGdependancy$TestcaseOne" name="Test1" time="0.003">
    <failure type="java.lang.AssertionError" message="Unable to login">
      <![CDATA[java.lang.AssertionError: Unable to login
at com.test.TestNGLearnings.TestNGdependancy$TestcaseOne.Test1(TestNGdependancy.java:13)
at java.base/java.util.ArrayList.forEach(ArrayList.java:1541)
... Removed 28 stack frames]]>
    </failure>
  </testcase> <!-- Test1 -->
  <testcase classname="com.test.TestNGLearnings.TestNGdependancy$TestcaseOne" name="Test2" time="0.002"/>
  <testcase classname="com.test.TestNGLearnings.TestNGdependancy$TestcaseOne" name="Test3" time="0.001"/>
</testsuite> <!-- Dependency Test -->
