<?xml version="1.0" encoding="UTF-8"?>
<testng-results ignored="0" total="1" passed="1" failed="0" skipped="0">
  <reporter-output>
  </reporter-output>
  <suite started-at="2021-09-19T14:16:41 IST" name="Default suite" finished-at="2021-09-19T14:16:41 IST" duration-ms="676">
    <groups>
    </groups>
    <test started-at="2021-09-19T14:16:41 IST" name="Default test" finished-at="2021-09-19T14:16:41 IST" duration-ms="676">
      <class name="com.qa.OR.tests.LoginTest">
        <test-method signature="verifyLogin()[pri:0, instance:com.qa.OR.tests.LoginTest@4d465b11]" started-at="2021-09-19T14:16:41 IST" name="verifyLogin" finished-at="2021-09-19T14:16:41 IST" duration-ms="633" status="PASS">
          <reporter-output>
          </reporter-output>
        </test-method> <!-- verifyLogin -->
      </class> <!-- com.qa.OR.tests.LoginTest -->
    </test> <!-- Default test -->
  </suite> <!-- Default suite -->
</testng-results>
