<?xml version="1.0" encoding="UTF-8"?>
<testng-results ignored="0" total="2" passed="2" failed="0" skipped="0">
  <reporter-output>
  </reporter-output>
  <suite started-at="2022-06-24T13:45:44 IST" name="Default suite" finished-at="2022-06-24T13:45:45 IST" duration-ms="975">
    <groups>
    </groups>
    <test started-at="2022-06-24T13:45:44 IST" name="Default test" finished-at="2022-06-24T13:45:45 IST" duration-ms="975">
      <class name="com.test.TestNGLearnings.ParameterizationExcel">
        <test-method signature="testData(java.lang.String,java.lang.String)[pri:0, instance:com.test.TestNGLearnings.ParameterizationExcel@625732]" started-at="2022-06-24T13:45:45 IST" name="testData" data-provider="getData" finished-at="2022-06-24T13:45:45 IST" duration-ms="7" status="PASS">
          <params>
            <param index="0">
              <value>
                <![CDATA[Ajay]]>
              </value>
            </param>
            <param index="1">
              <value>
                <![CDATA[23]]>
              </value>
            </param>
          </params>
          <reporter-output>
          </reporter-output>
        </test-method> <!-- testData -->
        <test-method signature="testData(java.lang.String,java.lang.String)[pri:0, instance:com.test.TestNGLearnings.ParameterizationExcel@625732]" started-at="2022-06-24T13:45:45 IST" name="testData" data-provider="getData" finished-at="2022-06-24T13:45:45 IST" duration-ms="2" status="PASS">
          <params>
            <param index="0">
              <value>
                <![CDATA[vijay]]>
              </value>
            </param>
            <param index="1">
              <value>
                <![CDATA[36]]>
              </value>
            </param>
          </params>
          <reporter-output>
          </reporter-output>
        </test-method> <!-- testData -->
      </class> <!-- com.test.TestNGLearnings.ParameterizationExcel -->
    </test> <!-- Default test -->
  </suite> <!-- Default suite -->
</testng-results>
