<?xml version="1.0" encoding="UTF-8"?>
<testng-results ignored="4" total="5" passed="1" failed="0" skipped="0">
  <reporter-output>
  </reporter-output>
  <suite started-at="2022-06-24T15:47:29 IST" name="Test_Suite" finished-at="2022-06-24T15:47:57 IST" duration-ms="28742">
    <groups>
    </groups>
    <test started-at="2022-06-24T15:47:29 IST" name="Test Suite" finished-at="2022-06-24T15:47:57 IST" duration-ms="28742">
      <class name="com.test.testng.orangeHrm.HomepageTest">
        <test-method is-config="true" signature="createBrowserObject()[pri:0, instance:com.test.testng.orangeHrm.HomepageTest@5a5a729f]" started-at="2022-06-24T15:47:30 IST" name="createBrowserObject" finished-at="2022-06-24T15:47:43 IST" duration-ms="13061" status="PASS">
          <reporter-output>
          </reporter-output>
        </test-method> <!-- createBrowserObject -->
        <test-method signature="VerifyAssignLeaveTest(java.lang.String,java.lang.String,java.lang.String,java.lang.String,java.lang.String,java.lang.String)[pri:0, instance:com.test.testng.orangeHrm.HomepageTest@5a5a729f]" started-at="2022-06-24T15:47:43 IST" name="VerifyAssignLeaveTest" data-provider="getData" finished-at="2022-06-24T15:47:55 IST" duration-ms="12643" status="PASS">
          <params>
            <param index="0">
              <value>
                <![CDATA[John Smith]]>
              </value>
            </param>
            <param index="1">
              <value>
                <![CDATA[10]]>
              </value>
            </param>
            <param index="2">
              <value>
                <![CDATA[2022-06-15]]>
              </value>
            </param>
            <param index="3">
              <value>
                <![CDATA[2022-06-15]]>
              </value>
            </param>
            <param index="4">
              <value>
                <![CDATA[full_day]]>
              </value>
            </param>
            <param index="5">
              <value>
                <![CDATA[TestComments]]>
              </value>
            </param>
          </params>
          <reporter-output>
          </reporter-output>
        </test-method> <!-- VerifyAssignLeaveTest -->
        <test-method is-config="true" signature="takeScreenshot()[pri:0, instance:com.test.testng.orangeHrm.HomepageTest@5a5a729f]" started-at="2022-06-24T15:47:55 IST" name="takeScreenshot" finished-at="2022-06-24T15:47:57 IST" duration-ms="1991" status="PASS">
          <reporter-output>
          </reporter-output>
        </test-method> <!-- takeScreenshot -->
      </class> <!-- com.test.testng.orangeHrm.HomepageTest -->
    </test> <!-- Test Suite -->
  </suite> <!-- Test_Suite -->
</testng-results>
