<?xml version="1.0" encoding="UTF-8"?>
<!-- Generated by org.testng.reporters.JUnitXMLReporter -->
<testsuite ignored="4" hostname="LAPTOP-02O5LAUF" failures="0" tests="1" name="Test Suite" time="28.742" errors="0" timestamp="2022-06-24T15:47:57 IST">
  <testcase classname="com.test.testng.orangeHrm.HomepageTest" name="VerifyAssignLeaveTest" time="12.643"/>
  <testcase classname="com.test.testng.orangeHrm.HomepageTest" name="verifybtnTest" time="0.0">
    <ignored/>
  </testcase> <!-- verifybtnTest -->
  <testcase classname="com.test.testng.orangeHrm.HomepageTest" name="subscribeBtn" time="0.0">
    <ignored/>
  </testcase> <!-- subscribeBtn -->
  <testcase classname="com.test.testng.orangeHrm.HomepageTest" name="myInfoEditBtn" time="0.0">
    <ignored/>
  </testcase> <!-- myInfoEditBtn -->
  <testcase classname="com.test.testng.orangeHrm.HomepageTest" name="assignLeaveTest" time="0.0">
    <ignored/>
  </testcase> <!-- assignLeaveTest -->
</testsuite> <!-- Test Suite -->
